<test-run id="2" duration="2.0777786000000007" testcasecount="58" total="58" passed="58" failed="0" inconclusive="0" skipped="0" result="Passed" start-time="2023-08-31T 09:00:01Z" end-time="2023-08-31T 09:00:04Z">
  <test-suite type="Assembly" name="FA.JustBlog.UnitTest.dll" fullname="D:\MAJOR\Fresher Fsoft\NEFW\KienNT86_EF_ASM01\FA.JustBlog.UnitTest\bin\Debug\net6.0\FA.JustBlog.UnitTest.dll" total="58" passed="58" failed="0" inconclusive="0" skipped="0" result="Passed" start-time="2023-08-31T 09:00:02Z" end-time="2023-08-31T 09:00:04Z" duration="2.0777786">
    <test-suite type="TestSuite" name="FA" fullname="FA" total="58" passed="58" failed="0" inconclusive="0" skipped="0" result="Passed" start-time="2023-08-31T 09:00:02Z" end-time="2023-08-31T 09:00:04Z" duration="2.0777786">
      <test-suite type="TestSuite" name="JustBlog" fullname="FA.JustBlog" total="58" passed="58" failed="0" inconclusive="0" skipped="0" result="Passed" start-time="2023-08-31T 09:00:02Z" end-time="2023-08-31T 09:00:04Z" duration="2.0777786">
        <test-suite type="TestSuite" name="UnitTest" fullname="FA.JustBlog.UnitTest" total="58" passed="58" failed="0" inconclusive="0" skipped="0" result="Passed" start-time="2023-08-31T 09:00:02Z" end-time="2023-08-31T 09:00:04Z" duration="2.0777786">
          <test-suite type="TestFixture" name="CategoryUnitTest" fullname="FA.JustBlog.UnitTest.CategoryUnitTest" classname="FA.JustBlog.UnitTest.CategoryUnitTest" total="3" passed="3" failed="0" inconclusive="0" skipped="0" result="Passed" start-time="2023-08-31T 09:00:02Z" end-time="2023-08-31T 09:00:03Z" duration="1.588257">
            <test-case name="FirstOrDefault_InvalidFilter_ReturnsNull" fullname="FA.JustBlog.UnitTest.CategoryUnitTest.FirstOrDefault_InvalidFilter_ReturnsNull" methodname="FirstOrDefault_InvalidFilter_ReturnsNull" classname="CategoryUnitTest" result="Passed" start-time="2023-08-31T 09:00:02Z" end-time="2023-08-31T 09:00:03Z" duration="1.424322" asserts="0" seed="852882498" />
            <test-case name="FirstOrDefault_ValidFilter_ReturnsMatchingCategory" fullname="FA.JustBlog.UnitTest.CategoryUnitTest.FirstOrDefault_ValidFilter_ReturnsMatchingCategory" methodname="FirstOrDefault_ValidFilter_ReturnsMatchingCategory" classname="CategoryUnitTest" result="Passed" start-time="2023-08-31T 09:00:03Z" end-time="2023-08-31T 09:00:03Z" duration="0.121404" asserts="0" seed="1965256146" />
            <test-case name="GetAll_WithFilter_ReturnsFilteredEntities" fullname="FA.JustBlog.UnitTest.CategoryUnitTest.GetAll_WithFilter_ReturnsFilteredEntities" methodname="GetAll_WithFilter_ReturnsFilteredEntities" classname="CategoryUnitTest" result="Passed" start-time="2023-08-31T 09:00:03Z" end-time="2023-08-31T 09:00:03Z" duration="0.042531" asserts="0" seed="1612657885" />
          </test-suite>
          <test-suite type="TestFixture" name="CommentUnitTest" fullname="FA.JustBlog.UnitTest.CommentUnitTest" classname="FA.JustBlog.UnitTest.CommentUnitTest" total="6" passed="6" failed="0" inconclusive="0" skipped="0" result="Passed" start-time="2023-08-31T 09:00:03Z" end-time="2023-08-31T 09:00:04Z" duration="0.265583">
            <test-case name="AddComment_ValidPost_AddsCommentToDatabase" fullname="FA.JustBlog.UnitTest.CommentUnitTest.AddComment_ValidPost_AddsCommentToDatabase" methodname="AddComment_ValidPost_AddsCommentToDatabase" classname="CommentUnitTest" result="Passed" start-time="2023-08-31T 09:00:03Z" end-time="2023-08-31T 09:00:04Z" duration="0.211171" asserts="0" seed="863167756" />
            <test-case name="GetCommentsForPost_InvalidPost_ReturnsEmptyList(-1)" fullname="FA.JustBlog.UnitTest.CommentUnitTest.GetCommentsForPost_InvalidPost_ReturnsEmptyList(-1)" methodname="GetCommentsForPost_InvalidPost_ReturnsEmptyList(-1)" classname="CommentUnitTest" result="Passed" start-time="2023-08-31T 09:00:04Z" end-time="2023-08-31T 09:00:04Z" duration="0.03906" asserts="0" seed="870111763" />
            <test-case name="GetCommentsForPost_InvalidPostId_ReturnsEmptyList(-1)" fullname="FA.JustBlog.UnitTest.CommentUnitTest.GetCommentsForPost_InvalidPostId_ReturnsEmptyList(-1)" methodname="GetCommentsForPost_InvalidPostId_ReturnsEmptyList(-1)" classname="CommentUnitTest" result="Passed" start-time="2023-08-31T 09:00:04Z" end-time="2023-08-31T 09:00:04Z" duration="0.006527" asserts="0" seed="2145406087" />
            <test-case name="GetCommentsForPost_ValidPost_ReturnsComments(1,10)" fullname="FA.JustBlog.UnitTest.CommentUnitTest.GetCommentsForPost_ValidPost_ReturnsComments(1,10)" methodname="GetCommentsForPost_ValidPost_ReturnsComments(1,10)" classname="CommentUnitTest" result="Passed" start-time="2023-08-31T 09:00:04Z" end-time="2023-08-31T 09:00:04Z" duration="0.006314" asserts="0" seed="1494660266" />
            <test-case name="GetCommentsForPost_ValidPostId_ReturnsComments(1,10)" fullname="FA.JustBlog.UnitTest.CommentUnitTest.GetCommentsForPost_ValidPostId_ReturnsComments(1,10)" methodname="GetCommentsForPost_ValidPostId_ReturnsComments(1,10)" classname="CommentUnitTest" result="Passed" start-time="2023-08-31T 09:00:04Z" end-time="2023-08-31T 09:00:04Z" duration="0.00154" asserts="0" seed="974601203" />
            <test-case name="GetCommentsForPost_ValidPostId_ReturnsComments(2,0)" fullname="FA.JustBlog.UnitTest.CommentUnitTest.GetCommentsForPost_ValidPostId_ReturnsComments(2,0)" methodname="GetCommentsForPost_ValidPostId_ReturnsComments(2,0)" classname="CommentUnitTest" result="Passed" start-time="2023-08-31T 09:00:04Z" end-time="2023-08-31T 09:00:04Z" duration="0.000971" asserts="0" seed="821992072" />
          </test-suite>
          <test-suite type="TestFixture" name="PostUnitTest" fullname="FA.JustBlog.UnitTest.PostUnitTest" classname="FA.JustBlog.UnitTest.PostUnitTest" total="35" passed="35" failed="0" inconclusive="0" skipped="0" result="Passed" start-time="2023-08-31T 09:00:04Z" end-time="2023-08-31T 09:00:04Z" duration="0.1548326">
            <test-case name="CountPostsForCategory_ShouldReturnCorrectPostCount(&quot;Beauty &amp; Personal Care&quot;,1)" fullname="FA.JustBlog.UnitTest.PostUnitTest.CountPostsForCategory_ShouldReturnCorrectPostCount(&quot;Beauty &amp; Personal Care&quot;,1)" methodname="CountPostsForCategory_ShouldReturnCorrectPostCount(&quot;Beauty &amp; Personal Care&quot;,1)" classname="PostUnitTest" result="Passed" start-time="2023-08-31T 09:00:04Z" end-time="2023-08-31T 09:00:04Z" duration="0.0158799" asserts="0" seed="1616959975" />
            <test-case name="CountPostsForCategory_ShouldReturnCorrectPostCount(&quot;Furniture&quot;,1)" fullname="FA.JustBlog.UnitTest.PostUnitTest.CountPostsForCategory_ShouldReturnCorrectPostCount(&quot;Furniture&quot;,1)" methodname="CountPostsForCategory_ShouldReturnCorrectPostCount(&quot;Furniture&quot;,1)" classname="PostUnitTest" result="Passed" start-time="2023-08-31T 09:00:04Z" end-time="2023-08-31T 09:00:04Z" duration="0.0010889" asserts="0" seed="1561466433" />
            <test-case name="CountPostsForCategory_ShouldReturnCorrectPostCount(&quot;Health &amp; Fitness&quot;,1)" fullname="FA.JustBlog.UnitTest.PostUnitTest.CountPostsForCategory_ShouldReturnCorrectPostCount(&quot;Health &amp; Fitness&quot;,1)" methodname="CountPostsForCategory_ShouldReturnCorrectPostCount(&quot;Health &amp; Fitness&quot;,1)" classname="PostUnitTest" result="Passed" start-time="2023-08-31T 09:00:04Z" end-time="2023-08-31T 09:00:04Z" duration="0.001009" asserts="0" seed="215644833" />
            <test-case name="CountPostsForCategory_ShouldReturnCorrectPostCount(&quot;Toys &amp; Games&quot;,1)" fullname="FA.JustBlog.UnitTest.PostUnitTest.CountPostsForCategory_ShouldReturnCorrectPostCount(&quot;Toys &amp; Games&quot;,1)" methodname="CountPostsForCategory_ShouldReturnCorrectPostCount(&quot;Toys &amp; Games&quot;,1)" classname="PostUnitTest" result="Passed" start-time="2023-08-31T 09:00:04Z" end-time="2023-08-31T 09:00:04Z" duration="0.001245" asserts="0" seed="1661150884" />
            <test-case name="CountPostsForCategory_ShouldReturnCorrectPostCount(&quot;Food &amp; Beverages&quot;,1)" fullname="FA.JustBlog.UnitTest.PostUnitTest.CountPostsForCategory_ShouldReturnCorrectPostCount(&quot;Food &amp; Beverages&quot;,1)" methodname="CountPostsForCategory_ShouldReturnCorrectPostCount(&quot;Food &amp; Beverages&quot;,1)" classname="PostUnitTest" result="Passed" start-time="2023-08-31T 09:00:04Z" end-time="2023-08-31T 09:00:04Z" duration="0.001525" asserts="0" seed="1835343369" />
            <test-case name="CountPostsForCategory_ShouldReturnCorrectPostCount(&quot;non-exist-category&quot;,0)" fullname="FA.JustBlog.UnitTest.PostUnitTest.CountPostsForCategory_ShouldReturnCorrectPostCount(&quot;non-exist-category&quot;,0)" methodname="CountPostsForCategory_ShouldReturnCorrectPostCount(&quot;non-exist-category&quot;,0)" classname="PostUnitTest" result="Passed" start-time="2023-08-31T 09:00:04Z" end-time="2023-08-31T 09:00:04Z" duration="0.001327" asserts="0" seed="1282542834" />
            <test-case name="CountPostsForTag_TagExists_ReturnsCorrectCount(&quot;Skincare&quot;,2)" fullname="FA.JustBlog.UnitTest.PostUnitTest.CountPostsForTag_TagExists_ReturnsCorrectCount(&quot;Skincare&quot;,2)" methodname="CountPostsForTag_TagExists_ReturnsCorrectCount(&quot;Skincare&quot;,2)" classname="PostUnitTest" result="Passed" start-time="2023-08-31T 09:00:04Z" end-time="2023-08-31T 09:00:04Z" duration="0.007728" asserts="0" seed="1410411706" />
            <test-case name="CountPostsForTag_TagExists_ReturnsCorrectCount(&quot;Interior Design&quot;,2)" fullname="FA.JustBlog.UnitTest.PostUnitTest.CountPostsForTag_TagExists_ReturnsCorrectCount(&quot;Interior Design&quot;,2)" methodname="CountPostsForTag_TagExists_ReturnsCorrectCount(&quot;Interior Design&quot;,2)" classname="PostUnitTest" result="Passed" start-time="2023-08-31T 09:00:04Z" end-time="2023-08-31T 09:00:04Z" duration="0.00125" asserts="0" seed="821529" />
            <test-case name="CountPostsForTag_TagExists_ReturnsCorrectCount(&quot;Wellness&quot;,2)" fullname="FA.JustBlog.UnitTest.PostUnitTest.CountPostsForTag_TagExists_ReturnsCorrectCount(&quot;Wellness&quot;,2)" methodname="CountPostsForTag_TagExists_ReturnsCorrectCount(&quot;Wellness&quot;,2)" classname="PostUnitTest" result="Passed" start-time="2023-08-31T 09:00:04Z" end-time="2023-08-31T 09:00:04Z" duration="0.001141" asserts="0" seed="1414544126" />
            <test-case name="CountPostsForTag_TagExists_ReturnsCorrectCount(&quot;Toys&quot;,2)" fullname="FA.JustBlog.UnitTest.PostUnitTest.CountPostsForTag_TagExists_ReturnsCorrectCount(&quot;Toys&quot;,2)" methodname="CountPostsForTag_TagExists_ReturnsCorrectCount(&quot;Toys&quot;,2)" classname="PostUnitTest" result="Passed" start-time="2023-08-31T 09:00:04Z" end-time="2023-08-31T 09:00:04Z" duration="0.001145" asserts="0" seed="1744118374" />
            <test-case name="CountPostsForTag_TagExists_ReturnsCorrectCount(&quot;Cuisine&quot;,2)" fullname="FA.JustBlog.UnitTest.PostUnitTest.CountPostsForTag_TagExists_ReturnsCorrectCount(&quot;Cuisine&quot;,2)" methodname="CountPostsForTag_TagExists_ReturnsCorrectCount(&quot;Cuisine&quot;,2)" classname="PostUnitTest" result="Passed" start-time="2023-08-31T 09:00:04Z" end-time="2023-08-31T 09:00:04Z" duration="0.00184" asserts="0" seed="1164101697" />
            <test-case name="CountPostsForTag_TagExists_ReturnsCorrectCount(&quot;non-exist-tag&quot;,0)" fullname="FA.JustBlog.UnitTest.PostUnitTest.CountPostsForTag_TagExists_ReturnsCorrectCount(&quot;non-exist-tag&quot;,0)" methodname="CountPostsForTag_TagExists_ReturnsCorrectCount(&quot;non-exist-tag&quot;,0)" classname="PostUnitTest" result="Passed" start-time="2023-08-31T 09:00:04Z" end-time="2023-08-31T 09:00:04Z" duration="0.004511" asserts="0" seed="824392797" />
            <test-case name="FindPost_ValidPostData_ReturnsPost(2023,7,&quot;advancements-in-technology&quot;)" fullname="FA.JustBlog.UnitTest.PostUnitTest.FindPost_ValidPostData_ReturnsPost(2023,7,&quot;advancements-in-technology&quot;)" methodname="FindPost_ValidPostData_ReturnsPost(2023,7,&quot;advancements-in-technology&quot;)" classname="PostUnitTest" result="Passed" start-time="2023-08-31T 09:00:04Z" end-time="2023-08-31T 09:00:04Z" duration="0.009587" asserts="0" seed="949617243" />
            <test-case name="FindPost_ValidPostData_ReturnsPost(2023,7,&quot;summer-fashion-trends&quot;)" fullname="FA.JustBlog.UnitTest.PostUnitTest.FindPost_ValidPostData_ReturnsPost(2023,7,&quot;summer-fashion-trends&quot;)" methodname="FindPost_ValidPostData_ReturnsPost(2023,7,&quot;summer-fashion-trends&quot;)" classname="PostUnitTest" result="Passed" start-time="2023-08-31T 09:00:04Z" end-time="2023-08-31T 09:00:04Z" duration="0.001403" asserts="0" seed="177297528" />
            <test-case name="FindPost_ValidPostData_ReturnsPost(2023,6,&quot;classic-literature-masterpieces&quot;)" fullname="FA.JustBlog.UnitTest.PostUnitTest.FindPost_ValidPostData_ReturnsPost(2023,6,&quot;classic-literature-masterpieces&quot;)" methodname="FindPost_ValidPostData_ReturnsPost(2023,6,&quot;classic-literature-masterpieces&quot;)" classname="PostUnitTest" result="Passed" start-time="2023-08-31T 09:00:04Z" end-time="2023-08-31T 09:00:04Z" duration="0.001409" asserts="0" seed="1733506462" />
            <test-case name="FindPost_ValidPostData_ReturnsPost(2023,6,&quot;creating-cozy-home-space&quot;)" fullname="FA.JustBlog.UnitTest.PostUnitTest.FindPost_ValidPostData_ReturnsPost(2023,6,&quot;creating-cozy-home-space&quot;)" methodname="FindPost_ValidPostData_ReturnsPost(2023,6,&quot;creating-cozy-home-space&quot;)" classname="PostUnitTest" result="Passed" start-time="2023-08-31T 09:00:04Z" end-time="2023-08-31T 09:00:04Z" duration="0.001179" asserts="0" seed="1024094479" />
            <test-case name="FindPost_ValidPostData_ReturnsPost(2023,5,&quot;staying-active-outdoor-sports&quot;)" fullname="FA.JustBlog.UnitTest.PostUnitTest.FindPost_ValidPostData_ReturnsPost(2023,5,&quot;staying-active-outdoor-sports&quot;)" methodname="FindPost_ValidPostData_ReturnsPost(2023,5,&quot;staying-active-outdoor-sports&quot;)" classname="PostUnitTest" result="Passed" start-time="2023-08-31T 09:00:04Z" end-time="2023-08-31T 09:00:04Z" duration="0.001131" asserts="0" seed="2072337566" />
            <test-case name="GetLastestPost_ShouldReturnLatestActivePosts" fullname="FA.JustBlog.UnitTest.PostUnitTest.GetLastestPost_ShouldReturnLatestActivePosts" methodname="GetLastestPost_ShouldReturnLatestActivePosts" classname="PostUnitTest" result="Passed" start-time="2023-08-31T 09:00:04Z" end-time="2023-08-31T 09:00:04Z" duration="0.00966" asserts="0" seed="1601097315" />
            <test-case name="GetPostsByCategory_ShouldReturnCorrectNumberOfPosts(&quot;Beauty &amp; Personal Care&quot;,1)" fullname="FA.JustBlog.UnitTest.PostUnitTest.GetPostsByCategory_ShouldReturnCorrectNumberOfPosts(&quot;Beauty &amp; Personal Care&quot;,1)" methodname="GetPostsByCategory_ShouldReturnCorrectNumberOfPosts(&quot;Beauty &amp; Personal Care&quot;,1)" classname="PostUnitTest" result="Passed" start-time="2023-08-31T 09:00:04Z" end-time="2023-08-31T 09:00:04Z" duration="0.022427" asserts="0" seed="1017256969" />
            <test-case name="GetPostsByCategory_ShouldReturnCorrectNumberOfPosts(&quot;Furniture&quot;,1)" fullname="FA.JustBlog.UnitTest.PostUnitTest.GetPostsByCategory_ShouldReturnCorrectNumberOfPosts(&quot;Furniture&quot;,1)" methodname="GetPostsByCategory_ShouldReturnCorrectNumberOfPosts(&quot;Furniture&quot;,1)" classname="PostUnitTest" result="Passed" start-time="2023-08-31T 09:00:04Z" end-time="2023-08-31T 09:00:04Z" duration="0.0011999" asserts="0" seed="2089444113" />
            <test-case name="GetPostsByCategory_ShouldReturnCorrectNumberOfPosts(&quot;Health &amp; Fitness&quot;,1)" fullname="FA.JustBlog.UnitTest.PostUnitTest.GetPostsByCategory_ShouldReturnCorrectNumberOfPosts(&quot;Health &amp; Fitness&quot;,1)" methodname="GetPostsByCategory_ShouldReturnCorrectNumberOfPosts(&quot;Health &amp; Fitness&quot;,1)" classname="PostUnitTest" result="Passed" start-time="2023-08-31T 09:00:04Z" end-time="2023-08-31T 09:00:04Z" duration="0.001096" asserts="0" seed="977999028" />
            <test-case name="GetPostsByCategory_ShouldReturnCorrectNumberOfPosts(&quot;Toys &amp; Games&quot;,1)" fullname="FA.JustBlog.UnitTest.PostUnitTest.GetPostsByCategory_ShouldReturnCorrectNumberOfPosts(&quot;Toys &amp; Games&quot;,1)" methodname="GetPostsByCategory_ShouldReturnCorrectNumberOfPosts(&quot;Toys &amp; Games&quot;,1)" classname="PostUnitTest" result="Passed" start-time="2023-08-31T 09:00:04Z" end-time="2023-08-31T 09:00:04Z" duration="0.001407" asserts="0" seed="527364858" />
            <test-case name="GetPostsByCategory_ShouldReturnCorrectNumberOfPosts(&quot;Food &amp; Beverages&quot;,1)" fullname="FA.JustBlog.UnitTest.PostUnitTest.GetPostsByCategory_ShouldReturnCorrectNumberOfPosts(&quot;Food &amp; Beverages&quot;,1)" methodname="GetPostsByCategory_ShouldReturnCorrectNumberOfPosts(&quot;Food &amp; Beverages&quot;,1)" classname="PostUnitTest" result="Passed" start-time="2023-08-31T 09:00:04Z" end-time="2023-08-31T 09:00:04Z" duration="0.001077" asserts="0" seed="77553242" />
            <test-case name="GetPostsByCategory_ShouldReturnCorrectNumberOfPosts(&quot;NonExistentCategory&quot;,0)" fullname="FA.JustBlog.UnitTest.PostUnitTest.GetPostsByCategory_ShouldReturnCorrectNumberOfPosts(&quot;NonExistentCategory&quot;,0)" methodname="GetPostsByCategory_ShouldReturnCorrectNumberOfPosts(&quot;NonExistentCategory&quot;,0)" classname="PostUnitTest" result="Passed" start-time="2023-08-31T 09:00:04Z" end-time="2023-08-31T 09:00:04Z" duration="0.000906" asserts="0" seed="1571021621" />
            <test-case name="GetPostsByMonth_ShouldReturnCorrectNumberOfPosts(&quot;2023-07-01&quot;,2)" fullname="FA.JustBlog.UnitTest.PostUnitTest.GetPostsByMonth_ShouldReturnCorrectNumberOfPosts(&quot;2023-07-01&quot;,2)" methodname="GetPostsByMonth_ShouldReturnCorrectNumberOfPosts(&quot;2023-07-01&quot;,2)" classname="PostUnitTest" result="Passed" start-time="2023-08-31T 09:00:04Z" end-time="2023-08-31T 09:00:04Z" duration="0.010876" asserts="0" seed="252587812" />
            <test-case name="GetPostsByMonth_ShouldReturnCorrectNumberOfPosts(&quot;2023-06-01&quot;,2)" fullname="FA.JustBlog.UnitTest.PostUnitTest.GetPostsByMonth_ShouldReturnCorrectNumberOfPosts(&quot;2023-06-01&quot;,2)" methodname="GetPostsByMonth_ShouldReturnCorrectNumberOfPosts(&quot;2023-06-01&quot;,2)" classname="PostUnitTest" result="Passed" start-time="2023-08-31T 09:00:04Z" end-time="2023-08-31T 09:00:04Z" duration="0.001355" asserts="0" seed="1591357283" />
            <test-case name="GetPostsByMonth_ShouldReturnCorrectNumberOfPosts(&quot;2023-05-01&quot;,1)" fullname="FA.JustBlog.UnitTest.PostUnitTest.GetPostsByMonth_ShouldReturnCorrectNumberOfPosts(&quot;2023-05-01&quot;,1)" methodname="GetPostsByMonth_ShouldReturnCorrectNumberOfPosts(&quot;2023-05-01&quot;,1)" classname="PostUnitTest" result="Passed" start-time="2023-08-31T 09:00:04Z" end-time="2023-08-31T 09:00:04Z" duration="0.001054" asserts="0" seed="736846466" />
            <test-case name="GetPostsByTag_ShouldReturnCorrectNumberOfPosts(&quot;Skincare&quot;,2)" fullname="FA.JustBlog.UnitTest.PostUnitTest.GetPostsByTag_ShouldReturnCorrectNumberOfPosts(&quot;Skincare&quot;,2)" methodname="GetPostsByTag_ShouldReturnCorrectNumberOfPosts(&quot;Skincare&quot;,2)" classname="PostUnitTest" result="Passed" start-time="2023-08-31T 09:00:04Z" end-time="2023-08-31T 09:00:04Z" duration="0.020794" asserts="0" seed="319404829" />
            <test-case name="GetPostsByTag_ShouldReturnCorrectNumberOfPosts(&quot;Interior Design&quot;,2)" fullname="FA.JustBlog.UnitTest.PostUnitTest.GetPostsByTag_ShouldReturnCorrectNumberOfPosts(&quot;Interior Design&quot;,2)" methodname="GetPostsByTag_ShouldReturnCorrectNumberOfPosts(&quot;Interior Design&quot;,2)" classname="PostUnitTest" result="Passed" start-time="2023-08-31T 09:00:04Z" end-time="2023-08-31T 09:00:04Z" duration="0.001209" asserts="0" seed="306712863" />
            <test-case name="GetPostsByTag_ShouldReturnCorrectNumberOfPosts(&quot;Wellness&quot;,2)" fullname="FA.JustBlog.UnitTest.PostUnitTest.GetPostsByTag_ShouldReturnCorrectNumberOfPosts(&quot;Wellness&quot;,2)" methodname="GetPostsByTag_ShouldReturnCorrectNumberOfPosts(&quot;Wellness&quot;,2)" classname="PostUnitTest" result="Passed" start-time="2023-08-31T 09:00:04Z" end-time="2023-08-31T 09:00:04Z" duration="0.001144" asserts="0" seed="465634211" />
            <test-case name="GetPostsByTag_ShouldReturnCorrectNumberOfPosts(&quot;Toys&quot;,2)" fullname="FA.JustBlog.UnitTest.PostUnitTest.GetPostsByTag_ShouldReturnCorrectNumberOfPosts(&quot;Toys&quot;,2)" methodname="GetPostsByTag_ShouldReturnCorrectNumberOfPosts(&quot;Toys&quot;,2)" classname="PostUnitTest" result="Passed" start-time="2023-08-31T 09:00:04Z" end-time="2023-08-31T 09:00:04Z" duration="0.0015169" asserts="0" seed="628470049" />
            <test-case name="GetPostsByTag_ShouldReturnCorrectNumberOfPosts(&quot;Cuisine&quot;,2)" fullname="FA.JustBlog.UnitTest.PostUnitTest.GetPostsByTag_ShouldReturnCorrectNumberOfPosts(&quot;Cuisine&quot;,2)" methodname="GetPostsByTag_ShouldReturnCorrectNumberOfPosts(&quot;Cuisine&quot;,2)" classname="PostUnitTest" result="Passed" start-time="2023-08-31T 09:00:04Z" end-time="2023-08-31T 09:00:04Z" duration="0.001368" asserts="0" seed="2124313667" />
            <test-case name="GetPostsByTag_ShouldReturnCorrectNumberOfPosts(&quot;non-exist-tag&quot;,0)" fullname="FA.JustBlog.UnitTest.PostUnitTest.GetPostsByTag_ShouldReturnCorrectNumberOfPosts(&quot;non-exist-tag&quot;,0)" methodname="GetPostsByTag_ShouldReturnCorrectNumberOfPosts(&quot;non-exist-tag&quot;,0)" classname="PostUnitTest" result="Passed" start-time="2023-08-31T 09:00:04Z" end-time="2023-08-31T 09:00:04Z" duration="0.00095" asserts="0" seed="304290027" />
            <test-case name="GetPublishedPosts_ShouldReturnOnlyPublishedAndActivePosts" fullname="FA.JustBlog.UnitTest.PostUnitTest.GetPublishedPosts_ShouldReturnOnlyPublishedAndActivePosts" methodname="GetPublishedPosts_ShouldReturnOnlyPublishedAndActivePosts" classname="PostUnitTest" result="Passed" start-time="2023-08-31T 09:00:04Z" end-time="2023-08-31T 09:00:04Z" duration="0.017935" asserts="0" seed="1700663784" />
            <test-case name="GetUnpublishedPosts_ShouldReturnOnlyUnpublishedAndActivePosts" fullname="FA.JustBlog.UnitTest.PostUnitTest.GetUnpublishedPosts_ShouldReturnOnlyUnpublishedAndActivePosts" methodname="GetUnpublishedPosts_ShouldReturnOnlyUnpublishedAndActivePosts" classname="PostUnitTest" result="Passed" start-time="2023-08-31T 09:00:04Z" end-time="2023-08-31T 09:00:04Z" duration="0.004459" asserts="0" seed="2121749322" />
          </test-suite>
          <test-suite type="TestFixture" name="TagUnitTest" fullname="FA.JustBlog.UnitTest.TagUnitTest" classname="FA.JustBlog.UnitTest.TagUnitTest" total="14" passed="14" failed="0" inconclusive="0" skipped="0" result="Passed" start-time="2023-08-31T 09:00:04Z" end-time="2023-08-31T 09:00:04Z" duration="0.069106">
            <test-case name="Delete_Tag_ShouldRemoveTagFromRepository" fullname="FA.JustBlog.UnitTest.TagUnitTest.Delete_Tag_ShouldRemoveTagFromRepository" methodname="Delete_Tag_ShouldRemoveTagFromRepository" classname="TagUnitTest" result="Passed" start-time="2023-08-31T 09:00:04Z" end-time="2023-08-31T 09:00:04Z" duration="0.031046" asserts="0" seed="1018815254" />
            <test-case name="Find_TagExists_ReturnsTag(1,&quot;Skincare&quot;,&quot;skincare&quot;,&quot;Tags related to skincare and beauty routines.&quot;,6)" fullname="FA.JustBlog.UnitTest.TagUnitTest.Find_TagExists_ReturnsTag(1,&quot;Skincare&quot;,&quot;skincare&quot;,&quot;Tags related to skincare and beauty routines.&quot;,6)" methodname="Find_TagExists_ReturnsTag(1,&quot;Skincare&quot;,&quot;skincare&quot;,&quot;Tags related to skincare and beauty routines.&quot;,6)" classname="TagUnitTest" result="Passed" start-time="2023-08-31T 09:00:04Z" end-time="2023-08-31T 09:00:04Z" duration="0.006091" asserts="0" seed="1967089518" />
            <test-case name="Find_TagExists_ReturnsTag(2,&quot;Interior Design&quot;,&quot;interior-design&quot;,&quot;Tags related to interior design and decor ideas.&quot;,4)" fullname="FA.JustBlog.UnitTest.TagUnitTest.Find_TagExists_ReturnsTag(2,&quot;Interior Design&quot;,&quot;interior-design&quot;,&quot;Tags related to interior design and decor ideas.&quot;,4)" methodname="Find_TagExists_ReturnsTag(2,&quot;Interior Design&quot;,&quot;interior-design&quot;,&quot;Tags related to interior design and decor ideas.&quot;,4)" classname="TagUnitTest" result="Passed" start-time="2023-08-31T 09:00:04Z" end-time="2023-08-31T 09:00:04Z" duration="0.001512" asserts="0" seed="2050472119" />
            <test-case name="Find_TagExists_ReturnsTag(3,&quot;Wellness&quot;,&quot;wellness&quot;,&quot;Tags related to health and holistic wellness.&quot;,9)" fullname="FA.JustBlog.UnitTest.TagUnitTest.Find_TagExists_ReturnsTag(3,&quot;Wellness&quot;,&quot;wellness&quot;,&quot;Tags related to health and holistic wellness.&quot;,9)" methodname="Find_TagExists_ReturnsTag(3,&quot;Wellness&quot;,&quot;wellness&quot;,&quot;Tags related to health and holistic wellness.&quot;,9)" classname="TagUnitTest" result="Passed" start-time="2023-08-31T 09:00:04Z" end-time="2023-08-31T 09:00:04Z" duration="0.001381" asserts="0" seed="1599754864" />
            <test-case name="Find_TagExists_ReturnsTag(100,null,null,null,0)" fullname="FA.JustBlog.UnitTest.TagUnitTest.Find_TagExists_ReturnsTag(100,null,null,null,0)" methodname="Find_TagExists_ReturnsTag(100,null,null,null,0)" classname="TagUnitTest" result="Passed" start-time="2023-08-31T 09:00:04Z" end-time="2023-08-31T 09:00:04Z" duration="0.001235" asserts="0" seed="1405506333" />
            <test-case name="FindTag_ValidTagId_ReturnsTag(1)" fullname="FA.JustBlog.UnitTest.TagUnitTest.FindTag_ValidTagId_ReturnsTag(1)" methodname="FindTag_ValidTagId_ReturnsTag(1)" classname="TagUnitTest" result="Passed" start-time="2023-08-31T 09:00:04Z" end-time="2023-08-31T 09:00:04Z" duration="0.00435" asserts="0" seed="542205384" />
            <test-case name="FindTag_ValidTagId_ReturnsTag(2)" fullname="FA.JustBlog.UnitTest.TagUnitTest.FindTag_ValidTagId_ReturnsTag(2)" methodname="FindTag_ValidTagId_ReturnsTag(2)" classname="TagUnitTest" result="Passed" start-time="2023-08-31T 09:00:04Z" end-time="2023-08-31T 09:00:04Z" duration="0.000953" asserts="0" seed="1556197721" />
            <test-case name="FindTag_ValidTagId_ReturnsTag(3)" fullname="FA.JustBlog.UnitTest.TagUnitTest.FindTag_ValidTagId_ReturnsTag(3)" methodname="FindTag_ValidTagId_ReturnsTag(3)" classname="TagUnitTest" result="Passed" start-time="2023-08-31T 09:00:04Z" end-time="2023-08-31T 09:00:04Z" duration="0.000861" asserts="0" seed="1854222760" />
            <test-case name="GetTagByUrlSlug_ValidUrlSlug_ReturnsCorrectTag(&quot;skincare&quot;)" fullname="FA.JustBlog.UnitTest.TagUnitTest.GetTagByUrlSlug_ValidUrlSlug_ReturnsCorrectTag(&quot;skincare&quot;)" methodname="GetTagByUrlSlug_ValidUrlSlug_ReturnsCorrectTag(&quot;skincare&quot;)" classname="TagUnitTest" result="Passed" start-time="2023-08-31T 09:00:04Z" end-time="2023-08-31T 09:00:04Z" duration="0.006748" asserts="0" seed="170025652" />
            <test-case name="GetTagByUrlSlug_ValidUrlSlug_ReturnsCorrectTag(&quot;interior-design&quot;)" fullname="FA.JustBlog.UnitTest.TagUnitTest.GetTagByUrlSlug_ValidUrlSlug_ReturnsCorrectTag(&quot;interior-design&quot;)" methodname="GetTagByUrlSlug_ValidUrlSlug_ReturnsCorrectTag(&quot;interior-design&quot;)" classname="TagUnitTest" result="Passed" start-time="2023-08-31T 09:00:04Z" end-time="2023-08-31T 09:00:04Z" duration="0.001139" asserts="0" seed="1420761925" />
            <test-case name="GetTagByUrlSlug_ValidUrlSlug_ReturnsCorrectTag(&quot;wellness&quot;)" fullname="FA.JustBlog.UnitTest.TagUnitTest.GetTagByUrlSlug_ValidUrlSlug_ReturnsCorrectTag(&quot;wellness&quot;)" methodname="GetTagByUrlSlug_ValidUrlSlug_ReturnsCorrectTag(&quot;wellness&quot;)" classname="TagUnitTest" result="Passed" start-time="2023-08-31T 09:00:04Z" end-time="2023-08-31T 09:00:04Z" duration="0.0009" asserts="0" seed="1641566417" />
            <test-case name="GetTagByUrlSlug_ValidUrlSlug_ReturnsCorrectTag(&quot;non-existent-tag&quot;)" fullname="FA.JustBlog.UnitTest.TagUnitTest.GetTagByUrlSlug_ValidUrlSlug_ReturnsCorrectTag(&quot;non-existent-tag&quot;)" methodname="GetTagByUrlSlug_ValidUrlSlug_ReturnsCorrectTag(&quot;non-existent-tag&quot;)" classname="TagUnitTest" result="Passed" start-time="2023-08-31T 09:00:04Z" end-time="2023-08-31T 09:00:04Z" duration="0.000814" asserts="0" seed="929974049" />
            <test-case name="Insert_NewTag_AddTagToRepository_AndDeleteAfterThat" fullname="FA.JustBlog.UnitTest.TagUnitTest.Insert_NewTag_AddTagToRepository_AndDeleteAfterThat" methodname="Insert_NewTag_AddTagToRepository_AndDeleteAfterThat" classname="TagUnitTest" result="Passed" start-time="2023-08-31T 09:00:04Z" end-time="2023-08-31T 09:00:04Z" duration="0.008519" asserts="0" seed="1483234191" />
            <test-case name="Update_ExistingCategory_UpdatesCategoryInRepository" fullname="FA.JustBlog.UnitTest.TagUnitTest.Update_ExistingCategory_UpdatesCategoryInRepository" methodname="Update_ExistingCategory_UpdatesCategoryInRepository" classname="TagUnitTest" result="Passed" start-time="2023-08-31T 09:00:04Z" end-time="2023-08-31T 09:00:04Z" duration="0.003557" asserts="0" seed="1000046608" />
          </test-suite>
        </test-suite>
      </test-suite>
    </test-suite>
    <errors />
  </test-suite>
</test-run>